TN:
SF:src/capitalize.js
FN:17,(anonymous_0)
FNF:1
FNH:1
FNDA:10,(anonymous_0)
DA:17,10
LF:1
LH:1
BRF:0
BRH:0
end_of_record
TN:
SF:src/eq.js
FN:31,eq
FNF:1
FNH:1
FNDA:41,eq
DA:32,41
LF:1
LH:1
BRDA:32,0,0,41
BRDA:32,0,1,15
BRDA:32,0,2,4
BRF:3
BRH:3
end_of_record
TN:
SF:src/get.js
FN:27,get
FNF:1
FNH:1
FNDA:18,get
DA:28,18
DA:29,18
LF:2
LH:2
BRDA:28,0,0,4
BRDA:28,0,1,14
BRDA:29,1,0,12
BRDA:29,1,1,6
BRF:4
BRH:4
end_of_record
TN:
SF:src/isArguments.js
FN:19,isArguments
FNF:1
FNH:0
FNDA:0,isArguments
DA:20,0
LF:1
LH:0
BRDA:20,0,0,0
BRDA:20,0,1,0
BRF:2
BRH:0
end_of_record
TN:
SF:src/isArrayLike.js
FN:26,isArrayLike
FNF:1
FNH:1
FNDA:14,isArrayLike
DA:27,14
LF:1
LH:1
BRDA:27,0,0,14
BRDA:27,0,1,14
BRDA:27,0,2,14
BRF:3
BRH:3
end_of_record
TN:
SF:src/isBuffer.js
FN:33,(anonymous_0)
FNF:1
FNH:0
FNDA:0,(anonymous_0)
DA:4,1
DA:7,1
DA:10,1
DA:13,1
DA:16,1
DA:33,1
LF:6
LH:6
BRDA:4,0,0,1
BRDA:4,0,1,1
BRDA:4,0,2,1
BRDA:4,0,3,1
BRDA:7,1,0,1
BRDA:7,1,1,1
BRDA:7,1,2,1
BRDA:7,1,3,1
BRDA:7,1,4,1
BRDA:10,2,0,1
BRDA:10,2,1,1
BRDA:13,3,0,1
BRDA:13,3,1,0
BRDA:16,4,0,1
BRDA:16,4,1,0
BRDA:33,5,0,1
BRDA:33,5,1,0
BRF:17
BRH:14
end_of_record
TN:
SF:src/isLength.js
FN:28,isLength
FNF:1
FNH:1
FNDA:14,isLength
DA:2,1
DA:29,14
LF:2
LH:2
BRDA:29,0,0,14
BRDA:29,0,1,0
BRDA:29,0,2,0
BRDA:29,0,3,0
BRF:4
BRH:1
end_of_record
TN:
SF:src/isObject.js
FN:24,isObject
FNF:1
FNH:1
FNDA:21,isObject
DA:25,21
DA:26,21
LF:2
LH:2
BRDA:26,0,0,21
BRDA:26,0,1,19
BRDA:26,0,2,14
BRF:3
BRH:3
end_of_record
TN:
SF:src/isObjectLike.js
FN:23,isObjectLike
FNF:1
FNH:0
FNDA:0,isObjectLike
DA:24,0
LF:1
LH:0
BRDA:24,0,0,0
BRDA:24,0,1,0
BRF:2
BRH:0
end_of_record
TN:
SF:src/isSymbol.js
FN:18,isSymbol
FNF:1
FNH:1
FNDA:30,isSymbol
DA:19,30
DA:20,30
LF:2
LH:2
BRDA:20,0,0,30
BRDA:20,0,1,29
BRDA:20,0,2,5
BRDA:20,0,3,3
BRF:4
BRH:4
end_of_record
TN:
SF:src/isTypedArray.js
FN:27,(anonymous_0)
FN:28,(anonymous_1)
FNF:2
FNH:0
FNDA:0,(anonymous_0)
FNDA:0,(anonymous_1)
DA:6,1
DA:9,1
DA:26,1
DA:27,0
DA:28,0
LF:5
LH:3
BRDA:9,0,0,1
BRDA:9,0,1,1
BRDA:26,1,0,1
BRDA:26,1,1,0
BRDA:28,2,0,0
BRDA:28,2,1,0
BRF:6
BRH:3
end_of_record
TN:
SF:src/keys.js
FN:31,keys
FNF:1
FNH:1
FNDA:7,keys
DA:32,7
LF:1
LH:1
BRDA:32,0,0,0
BRDA:32,0,1,7
BRF:2
BRH:1
end_of_record
TN:
SF:src/map.js
FN:19,map
FNF:1
FNH:1
FNDA:11,map
DA:20,11
DA:21,11
DA:22,11
DA:24,11
DA:25,18
DA:27,11
LF:6
LH:6
BRDA:21,0,0,2
BRDA:21,0,1,9
BRF:2
BRH:2
end_of_record
TN:
SF:src/memoize.js
FN:43,memoize
FN:47,(anonymous_1)
FNF:2
FNH:2
FNDA:1,memoize
FNDA:6,(anonymous_1)
DA:44,1
DA:45,0
DA:47,1
DA:48,6
DA:49,6
DA:51,6
DA:52,0
DA:54,6
DA:55,6
DA:56,6
DA:58,1
DA:59,1
DA:62,1
LF:13
LH:11
BRDA:44,0,0,0
BRDA:44,0,1,1
BRDA:44,1,0,1
BRDA:44,1,1,1
BRDA:44,1,2,1
BRDA:48,2,0,6
BRDA:48,2,1,0
BRDA:51,3,0,0
BRDA:51,3,1,6
BRDA:55,4,0,6
BRDA:55,4,1,0
BRDA:58,5,0,1
BRDA:58,5,1,0
BRF:13
BRH:8
end_of_record
TN:
SF:src/reduce.js
FN:38,reduce
FNF:1
FNH:1
FNDA:22,reduce
DA:39,22
DA:40,22
DA:41,22
LF:3
LH:3
BRDA:39,0,0,13
BRDA:39,0,1,9
BRF:2
BRH:2
end_of_record
TN:
SF:src/slice.js
FN:21,slice
FNF:1
FNH:0
FNDA:0,slice
DA:22,0
DA:23,0
DA:24,0
DA:26,0
DA:27,0
DA:29,0
DA:30,0
DA:32,0
DA:33,0
DA:35,0
DA:36,0
DA:38,0
DA:39,0
DA:40,0
DA:41,0
DA:43,0
LF:16
LH:0
BRDA:22,0,0,0
BRDA:22,0,1,0
BRDA:23,1,0,0
BRDA:23,1,1,0
BRDA:26,2,0,0
BRDA:26,2,1,0
BRDA:27,3,0,0
BRDA:27,3,1,0
BRDA:29,4,0,0
BRDA:29,4,1,0
BRDA:30,5,0,0
BRDA:30,5,1,0
BRDA:32,6,0,0
BRDA:32,6,1,0
BRDA:35,7,0,0
BRDA:35,7,1,0
BRF:16
BRH:0
end_of_record
TN:
SF:src/toNumber.js
FN:44,toNumber
FNF:1
FNH:1
FNDA:23,toNumber
DA:5,1
DA:8,1
DA:11,1
DA:14,1
DA:17,1
DA:20,1
DA:45,23
DA:46,4
DA:48,19
DA:49,1
DA:51,18
DA:52,3
DA:53,3
DA:55,18
DA:56,5
DA:58,13
DA:59,13
DA:60,13
LF:18
LH:18
BRDA:45,0,0,4
BRDA:45,0,1,19
BRDA:48,1,0,1
BRDA:48,1,1,18
BRDA:51,2,0,3
BRDA:51,2,1,15
BRDA:52,3,0,3
BRDA:52,3,1,0
BRDA:53,4,0,2
BRDA:53,4,1,1
BRDA:55,5,0,5
BRDA:55,5,1,13
BRDA:56,6,0,0
BRDA:56,6,1,5
BRDA:60,7,0,4
BRDA:60,7,1,9
BRDA:60,8,0,13
BRDA:60,8,1,11
BRDA:61,9,0,2
BRDA:61,9,1,2
BRDA:62,10,0,2
BRDA:62,10,1,7
BRF:22
BRH:20
end_of_record
TN:
SF:src/toString.js
FN:25,toString
FN:33,(anonymous_1)
FNF:2
FNH:1
FNDA:10,toString
FNDA:0,(anonymous_1)
DA:4,1
DA:28,10
DA:29,9
DA:31,1
DA:33,0
DA:35,1
DA:36,0
DA:38,1
DA:39,1
LF:9
LH:7
BRDA:28,0,0,9
BRDA:28,0,1,1
BRDA:31,1,0,0
BRDA:31,1,1,1
BRDA:33,2,0,0
BRDA:33,2,1,0
BRDA:35,3,0,0
BRDA:35,3,1,1
BRDA:39,4,0,0
BRDA:39,4,1,1
BRDA:39,5,0,1
BRDA:39,5,1,0
BRF:12
BRH:6
end_of_record
TN:
SF:src/upperFirst.js
FNF:0
FNH:0
DA:19,1
LF:1
LH:1
BRF:0
BRH:0
end_of_record
TN:
SF:src/.internal/arrayLikeKeys.js
FN:17,arrayLikeKeys
FNF:1
FNH:0
FNDA:0,arrayLikeKeys
DA:7,1
DA:18,0
DA:19,0
DA:20,0
DA:21,0
DA:22,0
DA:23,0
DA:24,0
DA:25,0
DA:26,0
DA:27,0
DA:29,0
DA:30,0
DA:37,0
DA:40,0
LF:15
LH:1
BRDA:19,0,0,0
BRDA:19,0,1,0
BRDA:20,1,0,0
BRDA:20,1,1,0
BRDA:20,1,2,0
BRDA:21,2,0,0
BRDA:21,2,1,0
BRDA:21,2,2,0
BRDA:21,2,3,0
BRDA:22,3,0,0
BRDA:22,3,1,0
BRDA:22,3,2,0
BRDA:22,3,3,0
BRDA:24,4,0,0
BRDA:24,4,1,0
BRDA:25,5,0,0
BRDA:25,5,1,0
BRDA:30,6,0,0
BRDA:30,6,1,0
BRDA:30,7,0,0
BRDA:30,7,1,0
BRDA:30,7,2,0
BRDA:31,8,0,0
BRDA:31,8,1,0
BRDA:31,8,2,0
BRF:25
BRH:0
end_of_record
TN:
SF:src/.internal/arrayReduce.js
FN:12,arrayReduce
FNF:1
FNH:1
FNDA:13,arrayReduce
DA:13,13
DA:14,13
DA:16,13
DA:17,2
DA:19,13
DA:20,1031
DA:22,12
LF:7
LH:7
BRDA:14,0,0,0
BRDA:14,0,1,13
BRDA:16,1,0,2
BRDA:16,1,1,11
BRDA:16,2,0,13
BRDA:16,2,1,2
BRF:6
BRH:5
end_of_record
TN:
SF:src/.internal/asciiToArray.js
FN:8,asciiToArray
FNF:1
FNH:0
FNDA:0,asciiToArray
DA:9,0
LF:1
LH:0
BRF:0
BRH:0
end_of_record
TN:
SF:src/.internal/baseEach.js
FN:12,baseEach
FNF:1
FNH:1
FNDA:9,baseEach
DA:13,9
DA:14,2
DA:16,7
DA:17,7
DA:19,0
DA:20,0
DA:21,0
DA:23,0
DA:24,0
DA:25,0
DA:28,0
LF:11
LH:4
BRDA:13,0,0,2
BRDA:13,0,1,7
BRDA:16,1,0,7
BRDA:16,1,1,0
BRDA:24,2,0,0
BRDA:24,2,1,0
BRF:6
BRH:3
end_of_record
TN:
SF:src/.internal/baseFor.js
FN:12,baseFor
FNF:1
FNH:1
FNDA:7,baseFor
DA:13,7
DA:14,7
DA:15,7
DA:16,7
DA:18,7
DA:19,16
DA:20,16
DA:21,0
DA:24,7
LF:9
LH:8
BRDA:20,0,0,0
BRDA:20,0,1,16
BRF:2
BRH:1
end_of_record
TN:
SF:src/.internal/baseForOwn.js
FN:12,baseForOwn
FNF:1
FNH:1
FNDA:7,baseForOwn
DA:13,7
LF:1
LH:1
BRDA:13,0,0,7
BRDA:13,0,1,7
BRF:2
BRH:2
end_of_record
TN:
SF:src/.internal/baseGet.js
FN:12,baseGet
FNF:1
FNH:1
FNDA:14,baseGet
DA:13,14
DA:15,14
DA:16,14
DA:18,14
DA:19,27
DA:21,14
LF:6
LH:6
BRDA:18,0,0,41
BRDA:18,0,1,33
BRDA:21,1,0,11
BRDA:21,1,1,3
BRDA:21,2,0,14
BRDA:21,2,1,13
BRF:6
BRH:6
end_of_record
TN:
SF:src/.internal/baseReduce.js
FN:14,baseReduce
FN:15,(anonymous_1)
FNF:2
FNH:2
FNDA:9,baseReduce
FNDA:16,(anonymous_1)
DA:15,9
DA:16,16
DA:20,9
LF:3
LH:3
BRDA:16,0,0,1
BRDA:16,0,1,15
BRF:2
BRH:2
end_of_record
TN:
SF:src/.internal/castPath.js
FN:12,castPath
FNF:1
FNH:1
FNDA:14,castPath
DA:13,14
DA:14,4
DA:16,10
LF:3
LH:3
BRDA:13,0,0,4
BRDA:13,0,1,10
BRDA:16,1,0,4
BRDA:16,1,1,6
BRF:4
BRH:4
end_of_record
TN:
SF:src/.internal/castSlice.js
FN:12,castSlice
FNF:1
FNH:0
FNDA:0,castSlice
DA:13,0
DA:14,0
DA:15,0
LF:3
LH:0
BRDA:14,0,0,0
BRDA:14,0,1,0
BRDA:15,1,0,0
BRDA:15,1,1,0
BRDA:15,2,0,0
BRDA:15,2,1,0
BRF:6
BRH:0
end_of_record
TN:
SF:src/.internal/createCaseFirst.js
FN:12,createCaseFirst
FN:13,(anonymous_1)
FNF:2
FNH:2
FNDA:1,createCaseFirst
FNDA:10,(anonymous_1)
DA:13,1
DA:14,10
DA:15,1
DA:18,9
DA:22,9
DA:26,9
DA:30,9
LF:7
LH:7
BRDA:14,0,0,1
BRDA:14,0,1,9
BRDA:18,1,0,0
BRDA:18,1,1,9
BRDA:22,2,0,0
BRDA:22,2,1,9
BRDA:26,3,0,0
BRDA:26,3,1,9
BRF:8
BRH:5
end_of_record
TN:
SF:src/.internal/freeGlobal.js
FNF:0
FNH:0
DA:2,1
LF:1
LH:1
BRDA:2,0,0,1
BRDA:2,0,1,1
BRDA:2,0,2,1
BRDA:2,0,3,1
BRF:4
BRH:4
end_of_record
TN:
SF:src/.internal/getTag.js
FN:10,getTag
FNF:1
FNH:1
FNDA:3,getTag
DA:1,4
DA:11,3
DA:12,0
DA:14,3
LF:4
LH:3
BRDA:11,0,0,0
BRDA:11,0,1,3
BRDA:12,1,0,0
BRDA:12,1,1,0
BRF:4
BRH:1
end_of_record
TN:
SF:src/.internal/hasUnicode.js
FN:24,hasUnicode
FNF:1
FNH:1
FNDA:9,hasUnicode
DA:2,1
DA:3,1
DA:4,1
DA:5,1
DA:6,1
DA:7,1
DA:8,1
DA:9,1
DA:12,1
DA:15,1
DA:25,9
LF:11
LH:11
BRF:0
BRH:0
end_of_record
TN:
SF:src/.internal/isIndex.js
FN:15,isIndex
FNF:1
FNH:0
FNDA:0,isIndex
DA:2,1
DA:5,1
DA:16,0
DA:17,0
DA:19,0
LF:5
LH:2
BRDA:17,0,0,0
BRDA:17,0,1,0
BRDA:19,1,0,0
BRDA:19,1,1,0
BRDA:19,1,2,0
BRDA:19,1,3,0
BRDA:19,1,4,0
BRDA:19,1,5,0
BRDA:19,1,6,0
BRF:9
BRH:0
end_of_record
TN:
SF:src/.internal/isKey.js
FN:15,isKey
FNF:1
FNH:1
FNDA:10,isKey
DA:4,1
DA:5,1
DA:16,10
DA:17,0
DA:19,10
DA:20,10
DA:21,0
DA:23,10
LF:8
LH:6
BRDA:16,0,0,0
BRDA:16,0,1,10
BRDA:20,1,0,0
BRDA:20,1,1,10
BRDA:20,2,0,10
BRDA:20,2,1,10
BRDA:20,2,2,10
BRDA:20,2,3,10
BRDA:23,3,0,10
BRDA:23,3,1,6
BRDA:23,3,2,6
BRDA:23,3,3,6
BRF:12
BRH:10
end_of_record
TN:
SF:src/.internal/memoizeCapped.js
FN:14,memoizeCapped
FN:15,(anonymous_1)
FNF:2
FNH:2
FNDA:1,memoizeCapped
FNDA:6,(anonymous_1)
DA:4,1
DA:15,1
DA:16,6
DA:17,6
DA:18,0
DA:20,6
DA:23,1
LF:7
LH:6
BRDA:17,0,0,0
BRDA:17,0,1,6
BRF:2
BRH:1
end_of_record
TN:
SF:src/.internal/nodeTypes.js
FN:16,(anonymous_0)
FNF:1
FNH:1
FNDA:1,(anonymous_0)
DA:4,1
DA:7,1
DA:10,1
DA:13,1
DA:16,1
DA:17,1
DA:20,1
DA:21,1
LF:8
LH:8
BRDA:4,0,0,1
BRDA:4,0,1,1
BRDA:4,0,2,1
BRDA:4,0,3,1
BRDA:7,1,0,1
BRDA:7,1,1,1
BRDA:7,1,2,1
BRDA:7,1,3,1
BRDA:7,1,4,1
BRDA:10,2,0,1
BRDA:10,2,1,1
BRDA:13,3,0,1
BRDA:13,3,1,1
BRDA:20,4,0,1
BRDA:20,4,1,1
BRDA:20,4,2,1
BRDA:21,5,0,1
BRDA:21,5,1,0
BRDA:24,6,0,0
BRDA:24,6,1,0
BRDA:24,6,2,0
BRF:21
BRH:17
end_of_record
TN:
SF:src/.internal/root.js
FNF:0
FNH:0
DA:5,1
DA:8,1
DA:11,1
LF:3
LH:3
BRDA:5,0,0,1
BRDA:5,0,1,1
BRDA:5,0,2,1
BRDA:5,0,3,1
BRDA:8,1,0,1
BRDA:8,1,1,0
BRDA:8,1,2,0
BRDA:8,1,3,0
BRDA:11,2,0,1
BRDA:11,2,1,0
BRDA:11,2,2,0
BRDA:11,2,3,0
BRF:12
BRH:6
end_of_record
TN:
SF:src/.internal/stringToArray.js
FN:12,stringToArray
FNF:1
FNH:0
FNDA:0,stringToArray
DA:13,0
LF:1
LH:0
BRDA:13,0,0,0
BRDA:13,0,1,0
BRF:2
BRH:0
end_of_record
TN:
SF:src/.internal/stringToPath.js
FN:26,(anonymous_0)
FN:31,(anonymous_1)
FNF:2
FNH:2
FNDA:6,(anonymous_0)
FNDA:18,(anonymous_1)
DA:3,1
DA:4,1
DA:5,1
DA:26,1
DA:27,6
DA:28,6
DA:29,0
DA:31,6
DA:32,18
DA:33,18
DA:34,0
DA:36,18
DA:37,2
DA:39,18
DA:41,6
LF:15
LH:13
BRDA:28,0,0,0
BRDA:28,0,1,6
BRDA:33,1,0,0
BRDA:33,1,1,18
BRDA:36,2,0,2
BRDA:36,2,1,16
BRF:6
BRH:4
end_of_record
TN:
SF:src/.internal/toKey.js
FN:13,toKey
FNF:1
FNH:1
FNDA:27,toKey
DA:4,1
DA:14,27
DA:15,27
DA:17,0
DA:18,0
LF:5
LH:3
BRDA:14,0,0,27
BRDA:14,0,1,0
BRDA:14,1,0,27
BRDA:14,1,1,0
BRDA:18,2,0,0
BRDA:18,2,1,0
BRDA:18,3,0,0
BRDA:18,3,1,0
BRF:8
BRH:2
end_of_record
TN:
SF:src/.internal/unicodeToArray.js
FN:39,unicodeToArray
FNF:1
FNH:0
FNDA:0,unicodeToArray
DA:2,1
DA:3,1
DA:4,1
DA:5,1
DA:6,1
DA:7,1
DA:8,1
DA:9,1
DA:12,1
DA:13,1
DA:14,1
DA:15,1
DA:16,1
DA:17,1
DA:18,1
DA:19,1
DA:22,1
DA:23,1
DA:24,1
DA:25,1
DA:26,1
DA:27,1
DA:30,1
DA:40,0
LF:24
LH:23
BRDA:40,0,0,0
BRDA:40,0,1,0
BRF:2
BRH:0
end_of_record
