TN:
SF:src/capitalize.js
FN:17,(anonymous_0)
FNF:1
FNH:1
FNDA:10,(anonymous_0)
DA:17,10
LF:1
LH:1
BRF:0
BRH:0
end_of_record
TN:
SF:src/eq.js
FN:31,eq
FNF:1
FNH:1
FNDA:41,eq
DA:32,41
LF:1
LH:1
BRDA:32,0,0,41
BRDA:32,0,1,15
BRDA:32,0,2,4
BRF:3
BRH:3
end_of_record
TN:
SF:src/filter.js
FN:24,filter
FNF:1
FNH:1
FNDA:4,filter
DA:25,4
DA:26,4
DA:27,4
DA:28,4
DA:30,4
DA:31,5
DA:32,5
DA:33,2
DA:36,4
LF:9
LH:9
BRDA:27,0,0,1
BRDA:27,0,1,3
BRDA:32,1,0,2
BRDA:32,1,1,3
BRF:4
BRH:4
end_of_record
TN:
SF:src/get.js
FN:27,get
FNF:1
FNH:1
FNDA:18,get
DA:28,18
DA:29,18
LF:2
LH:2
BRDA:28,0,0,4
BRDA:28,0,1,14
BRDA:29,1,0,12
BRDA:29,1,1,6
BRF:4
BRH:4
end_of_record
TN:
SF:src/isEmpty.js
FN:45,isEmpty
FNF:1
FNH:1
FNDA:27,isEmpty
DA:9,1
DA:46,27
DA:47,2
DA:49,25
DA:52,10
DA:54,15
DA:55,15
DA:56,4
DA:58,11
DA:59,0
DA:61,11
DA:62,3
DA:63,2
DA:66,9
LF:14
LH:13
BRDA:46,0,0,2
BRDA:46,0,1,25
BRDA:49,1,0,10
BRDA:49,1,1,15
BRDA:49,2,0,25
BRDA:49,2,1,11
BRDA:49,2,2,8
BRDA:49,2,3,5
BRDA:49,2,4,5
BRDA:49,2,5,5
BRDA:49,2,6,3
BRDA:55,3,0,4
BRDA:55,3,1,11
BRDA:55,4,0,15
BRDA:55,4,1,13
BRDA:58,5,0,0
BRDA:58,5,1,11
BRDA:62,6,0,2
BRDA:62,6,1,1
BRF:19
BRH:18
end_of_record
TN:
SF:src/isLength.js
FN:28,isLength
FNF:1
FNH:1
FNDA:50,isLength
DA:2,3
DA:29,50
LF:2
LH:2
BRDA:29,0,0,50
BRDA:29,0,1,18
BRDA:29,0,2,17
BRDA:29,0,3,15
BRF:4
BRH:4
end_of_record
TN:
SF:src/isObject.js
FN:24,isObject
FNF:1
FNH:1
FNDA:32,isObject
DA:25,32
DA:26,32
LF:2
LH:2
BRDA:26,0,0,32
BRDA:26,0,1,28
BRDA:26,0,2,19
BRF:3
BRH:3
end_of_record
TN:
SF:src/map.js
FN:19,map
FNF:1
FNH:1
FNDA:11,map
DA:20,11
DA:21,11
DA:22,11
DA:24,11
DA:25,18
DA:27,11
LF:6
LH:6
BRDA:21,0,0,2
BRDA:21,0,1,9
BRF:2
BRH:2
end_of_record
TN:
SF:src/reduce.js
FN:38,reduce
FNF:1
FNH:1
FNDA:22,reduce
DA:39,22
DA:40,22
DA:41,22
LF:3
LH:3
BRDA:39,0,0,13
BRDA:39,0,1,9
BRF:2
BRH:2
end_of_record
TN:
SF:src/toNumber.js
FN:44,toNumber
FNF:1
FNH:1
FNDA:23,toNumber
DA:5,1
DA:8,1
DA:11,1
DA:14,1
DA:17,1
DA:20,1
DA:45,23
DA:46,4
DA:48,19
DA:49,1
DA:51,18
DA:52,3
DA:53,3
DA:55,18
DA:56,5
DA:58,13
DA:59,13
DA:60,13
LF:18
LH:18
BRDA:45,0,0,4
BRDA:45,0,1,19
BRDA:48,1,0,1
BRDA:48,1,1,18
BRDA:51,2,0,3
BRDA:51,2,1,15
BRDA:52,3,0,3
BRDA:52,3,1,0
BRDA:53,4,0,2
BRDA:53,4,1,1
BRDA:55,5,0,5
BRDA:55,5,1,13
BRDA:56,6,0,0
BRDA:56,6,1,5
BRDA:60,7,0,4
BRDA:60,7,1,9
BRDA:60,8,0,13
BRDA:60,8,1,11
BRDA:61,9,0,2
BRDA:61,9,1,2
BRDA:62,10,0,2
BRDA:62,10,1,7
BRF:22
BRH:20
end_of_record
